<testsuite failures="0" name="src/test/java/userDetails.feature" skipped="0" tests="1" time="9.338074">
  <testcase classname="src.test.java.userDetails" name="testing the get call for User Details" time="9.338074">
    <system-out>Given url 'https://reqres.in/api/users/2' ................................. passed
When method GET ........................................................... passed
Then status 200 ........................................................... passed</system-out>
  </testcase>
</testsuite>
